ARM GAS  /tmp/cc4u0973.s 			page 1


   1              		.cpu cortex-m3
   2              		.eabi_attribute 20, 1
   3              		.eabi_attribute 21, 1
   4              		.eabi_attribute 23, 3
   5              		.eabi_attribute 24, 1
   6              		.eabi_attribute 25, 1
   7              		.eabi_attribute 26, 1
   8              		.eabi_attribute 30, 1
   9              		.eabi_attribute 34, 1
  10              		.eabi_attribute 18, 4
  11              		.file	"stm32f1xx_hal_msp.c"
  12              		.text
  13              	.Ltext0:
  14              		.cfi_sections	.debug_frame
  15              		.section	.text.HAL_MspInit,"ax",%progbits
  16              		.align	1
  17              		.global	HAL_MspInit
  18              		.arch armv7-m
  19              		.syntax unified
  20              		.thumb
  21              		.thumb_func
  22              		.fpu softvfp
  24              	HAL_MspInit:
  25              	.LFB66:
  26              		.file 1 "Src/stm32f1xx_hal_msp.c"
   1:Src/stm32f1xx_hal_msp.c **** /* USER CODE BEGIN Header */
   2:Src/stm32f1xx_hal_msp.c **** /**
   3:Src/stm32f1xx_hal_msp.c ****   ******************************************************************************
   4:Src/stm32f1xx_hal_msp.c ****   * File Name          : stm32f1xx_hal_msp.c
   5:Src/stm32f1xx_hal_msp.c ****   * Description        : This file provides code for the MSP Initialization 
   6:Src/stm32f1xx_hal_msp.c ****   *                      and de-Initialization codes.
   7:Src/stm32f1xx_hal_msp.c ****   ******************************************************************************
   8:Src/stm32f1xx_hal_msp.c ****   * @attention
   9:Src/stm32f1xx_hal_msp.c ****   *
  10:Src/stm32f1xx_hal_msp.c ****   * <h2><center>&copy; Copyright (c) 2020 STMicroelectronics.
  11:Src/stm32f1xx_hal_msp.c ****   * All rights reserved.</center></h2>
  12:Src/stm32f1xx_hal_msp.c ****   *
  13:Src/stm32f1xx_hal_msp.c ****   * This software component is licensed by ST under BSD 3-Clause license,
  14:Src/stm32f1xx_hal_msp.c ****   * the "License"; You may not use this file except in compliance with the
  15:Src/stm32f1xx_hal_msp.c ****   * License. You may obtain a copy of the License at:
  16:Src/stm32f1xx_hal_msp.c ****   *                        opensource.org/licenses/BSD-3-Clause
  17:Src/stm32f1xx_hal_msp.c ****   *
  18:Src/stm32f1xx_hal_msp.c ****   ******************************************************************************
  19:Src/stm32f1xx_hal_msp.c ****   */
  20:Src/stm32f1xx_hal_msp.c **** /* USER CODE END Header */
  21:Src/stm32f1xx_hal_msp.c **** 
  22:Src/stm32f1xx_hal_msp.c **** /* Includes ------------------------------------------------------------------*/
  23:Src/stm32f1xx_hal_msp.c **** #include "main.h"
  24:Src/stm32f1xx_hal_msp.c **** /* USER CODE BEGIN Includes */
  25:Src/stm32f1xx_hal_msp.c **** 
  26:Src/stm32f1xx_hal_msp.c **** /* USER CODE END Includes */
  27:Src/stm32f1xx_hal_msp.c **** 
  28:Src/stm32f1xx_hal_msp.c **** /* Private typedef -----------------------------------------------------------*/
  29:Src/stm32f1xx_hal_msp.c **** /* USER CODE BEGIN TD */
  30:Src/stm32f1xx_hal_msp.c **** 
  31:Src/stm32f1xx_hal_msp.c **** /* USER CODE END TD */
  32:Src/stm32f1xx_hal_msp.c **** 
ARM GAS  /tmp/cc4u0973.s 			page 2


  33:Src/stm32f1xx_hal_msp.c **** /* Private define ------------------------------------------------------------*/
  34:Src/stm32f1xx_hal_msp.c **** /* USER CODE BEGIN Define */
  35:Src/stm32f1xx_hal_msp.c ****  
  36:Src/stm32f1xx_hal_msp.c **** /* USER CODE END Define */
  37:Src/stm32f1xx_hal_msp.c **** 
  38:Src/stm32f1xx_hal_msp.c **** /* Private macro -------------------------------------------------------------*/
  39:Src/stm32f1xx_hal_msp.c **** /* USER CODE BEGIN Macro */
  40:Src/stm32f1xx_hal_msp.c **** 
  41:Src/stm32f1xx_hal_msp.c **** /* USER CODE END Macro */
  42:Src/stm32f1xx_hal_msp.c **** 
  43:Src/stm32f1xx_hal_msp.c **** /* Private variables ---------------------------------------------------------*/
  44:Src/stm32f1xx_hal_msp.c **** /* USER CODE BEGIN PV */
  45:Src/stm32f1xx_hal_msp.c **** 
  46:Src/stm32f1xx_hal_msp.c **** /* USER CODE END PV */
  47:Src/stm32f1xx_hal_msp.c **** 
  48:Src/stm32f1xx_hal_msp.c **** /* Private function prototypes -----------------------------------------------*/
  49:Src/stm32f1xx_hal_msp.c **** /* USER CODE BEGIN PFP */
  50:Src/stm32f1xx_hal_msp.c **** 
  51:Src/stm32f1xx_hal_msp.c **** /* USER CODE END PFP */
  52:Src/stm32f1xx_hal_msp.c **** 
  53:Src/stm32f1xx_hal_msp.c **** /* External functions --------------------------------------------------------*/
  54:Src/stm32f1xx_hal_msp.c **** /* USER CODE BEGIN ExternalFunctions */
  55:Src/stm32f1xx_hal_msp.c **** 
  56:Src/stm32f1xx_hal_msp.c **** /* USER CODE END ExternalFunctions */
  57:Src/stm32f1xx_hal_msp.c **** 
  58:Src/stm32f1xx_hal_msp.c **** /* USER CODE BEGIN 0 */
  59:Src/stm32f1xx_hal_msp.c **** 
  60:Src/stm32f1xx_hal_msp.c **** /* USER CODE END 0 */
  61:Src/stm32f1xx_hal_msp.c **** /**
  62:Src/stm32f1xx_hal_msp.c ****   * Initializes the Global MSP.
  63:Src/stm32f1xx_hal_msp.c ****   */
  64:Src/stm32f1xx_hal_msp.c **** void HAL_MspInit(void)
  65:Src/stm32f1xx_hal_msp.c **** {
  27              		.loc 1 65 1 view -0
  28              		.cfi_startproc
  29              		@ args = 0, pretend = 0, frame = 8
  30              		@ frame_needed = 0, uses_anonymous_args = 0
  31              		@ link register save eliminated.
  32 0000 82B0     		sub	sp, sp, #8
  33              	.LCFI0:
  34              		.cfi_def_cfa_offset 8
  66:Src/stm32f1xx_hal_msp.c ****   /* USER CODE BEGIN MspInit 0 */
  67:Src/stm32f1xx_hal_msp.c **** 
  68:Src/stm32f1xx_hal_msp.c ****   /* USER CODE END MspInit 0 */
  69:Src/stm32f1xx_hal_msp.c **** 
  70:Src/stm32f1xx_hal_msp.c ****   __HAL_RCC_AFIO_CLK_ENABLE();
  35              		.loc 1 70 3 view .LVU1
  36              	.LBB2:
  37              		.loc 1 70 3 view .LVU2
  38              		.loc 1 70 3 view .LVU3
  39 0002 0E4B     		ldr	r3, .L3
  40 0004 9A69     		ldr	r2, [r3, #24]
  41 0006 42F00102 		orr	r2, r2, #1
  42 000a 9A61     		str	r2, [r3, #24]
  43              		.loc 1 70 3 view .LVU4
  44 000c 9A69     		ldr	r2, [r3, #24]
  45 000e 02F00102 		and	r2, r2, #1
ARM GAS  /tmp/cc4u0973.s 			page 3


  46 0012 0092     		str	r2, [sp]
  47              		.loc 1 70 3 view .LVU5
  48 0014 009A     		ldr	r2, [sp]
  49              	.LBE2:
  71:Src/stm32f1xx_hal_msp.c ****   __HAL_RCC_PWR_CLK_ENABLE();
  50              		.loc 1 71 3 view .LVU6
  51              	.LBB3:
  52              		.loc 1 71 3 view .LVU7
  53              		.loc 1 71 3 view .LVU8
  54 0016 DA69     		ldr	r2, [r3, #28]
  55 0018 42F08052 		orr	r2, r2, #268435456
  56 001c DA61     		str	r2, [r3, #28]
  57              		.loc 1 71 3 view .LVU9
  58 001e DB69     		ldr	r3, [r3, #28]
  59 0020 03F08053 		and	r3, r3, #268435456
  60 0024 0193     		str	r3, [sp, #4]
  61              		.loc 1 71 3 view .LVU10
  62 0026 019B     		ldr	r3, [sp, #4]
  63              	.LBE3:
  72:Src/stm32f1xx_hal_msp.c **** 
  73:Src/stm32f1xx_hal_msp.c ****   /* System interrupt init*/
  74:Src/stm32f1xx_hal_msp.c **** 
  75:Src/stm32f1xx_hal_msp.c ****   /** DISABLE: JTAG-DP Disabled and SW-DP Disabled 
  76:Src/stm32f1xx_hal_msp.c ****   */
  77:Src/stm32f1xx_hal_msp.c ****   __HAL_AFIO_REMAP_SWJ_DISABLE();
  64              		.loc 1 77 3 view .LVU11
  65              	.LBB4:
  66              		.loc 1 77 3 view .LVU12
  67 0028 054A     		ldr	r2, .L3+4
  68 002a 5368     		ldr	r3, [r2, #4]
  69              	.LVL0:
  70              		.loc 1 77 3 view .LVU13
  71 002c 23F0E063 		bic	r3, r3, #117440512
  72              	.LVL1:
  73              		.loc 1 77 3 view .LVU14
  74 0030 43F08063 		orr	r3, r3, #67108864
  75              	.LVL2:
  76              		.loc 1 77 3 view .LVU15
  77 0034 5360     		str	r3, [r2, #4]
  78              	.LBE4:
  78:Src/stm32f1xx_hal_msp.c **** 
  79:Src/stm32f1xx_hal_msp.c ****   /* USER CODE BEGIN MspInit 1 */
  80:Src/stm32f1xx_hal_msp.c **** 
  81:Src/stm32f1xx_hal_msp.c ****   /* USER CODE END MspInit 1 */
  82:Src/stm32f1xx_hal_msp.c **** }
  79              		.loc 1 82 1 is_stmt 0 view .LVU16
  80 0036 02B0     		add	sp, sp, #8
  81              	.LCFI1:
  82              		.cfi_def_cfa_offset 0
  83              		@ sp needed
  84 0038 7047     		bx	lr
  85              	.L4:
  86 003a 00BF     		.align	2
  87              	.L3:
  88 003c 00100240 		.word	1073876992
  89 0040 00000140 		.word	1073807360
  90              		.cfi_endproc
ARM GAS  /tmp/cc4u0973.s 			page 4


  91              	.LFE66:
  93              		.section	.text.HAL_UART_MspInit,"ax",%progbits
  94              		.align	1
  95              		.global	HAL_UART_MspInit
  96              		.syntax unified
  97              		.thumb
  98              		.thumb_func
  99              		.fpu softvfp
 101              	HAL_UART_MspInit:
 102              	.LVL3:
 103              	.LFB67:
  83:Src/stm32f1xx_hal_msp.c **** 
  84:Src/stm32f1xx_hal_msp.c **** /**
  85:Src/stm32f1xx_hal_msp.c **** * @brief UART MSP Initialization
  86:Src/stm32f1xx_hal_msp.c **** * This function configures the hardware resources used in this example
  87:Src/stm32f1xx_hal_msp.c **** * @param huart: UART handle pointer
  88:Src/stm32f1xx_hal_msp.c **** * @retval None
  89:Src/stm32f1xx_hal_msp.c **** */
  90:Src/stm32f1xx_hal_msp.c **** void HAL_UART_MspInit(UART_HandleTypeDef* huart)
  91:Src/stm32f1xx_hal_msp.c **** {
 104              		.loc 1 91 1 is_stmt 1 view -0
 105              		.cfi_startproc
 106              		@ args = 0, pretend = 0, frame = 24
 107              		@ frame_needed = 0, uses_anonymous_args = 0
 108              		.loc 1 91 1 is_stmt 0 view .LVU18
 109 0000 30B5     		push	{r4, r5, lr}
 110              	.LCFI2:
 111              		.cfi_def_cfa_offset 12
 112              		.cfi_offset 4, -12
 113              		.cfi_offset 5, -8
 114              		.cfi_offset 14, -4
 115 0002 87B0     		sub	sp, sp, #28
 116              	.LCFI3:
 117              		.cfi_def_cfa_offset 40
  92:Src/stm32f1xx_hal_msp.c ****   GPIO_InitTypeDef GPIO_InitStruct = {0};
 118              		.loc 1 92 3 is_stmt 1 view .LVU19
 119              		.loc 1 92 20 is_stmt 0 view .LVU20
 120 0004 0023     		movs	r3, #0
 121 0006 0293     		str	r3, [sp, #8]
 122 0008 0393     		str	r3, [sp, #12]
 123 000a 0493     		str	r3, [sp, #16]
 124 000c 0593     		str	r3, [sp, #20]
  93:Src/stm32f1xx_hal_msp.c ****   if(huart->Instance==USART1)
 125              		.loc 1 93 3 is_stmt 1 view .LVU21
 126              		.loc 1 93 11 is_stmt 0 view .LVU22
 127 000e 0268     		ldr	r2, [r0]
 128              		.loc 1 93 5 view .LVU23
 129 0010 1B4B     		ldr	r3, .L9
 130 0012 9A42     		cmp	r2, r3
 131 0014 01D0     		beq	.L8
 132              	.LVL4:
 133              	.L5:
  94:Src/stm32f1xx_hal_msp.c ****   {
  95:Src/stm32f1xx_hal_msp.c ****   /* USER CODE BEGIN USART1_MspInit 0 */
  96:Src/stm32f1xx_hal_msp.c **** 
  97:Src/stm32f1xx_hal_msp.c ****   /* USER CODE END USART1_MspInit 0 */
  98:Src/stm32f1xx_hal_msp.c ****     /* Peripheral clock enable */
ARM GAS  /tmp/cc4u0973.s 			page 5


  99:Src/stm32f1xx_hal_msp.c ****     __HAL_RCC_USART1_CLK_ENABLE();
 100:Src/stm32f1xx_hal_msp.c ****   
 101:Src/stm32f1xx_hal_msp.c ****     __HAL_RCC_GPIOA_CLK_ENABLE();
 102:Src/stm32f1xx_hal_msp.c ****     /**USART1 GPIO Configuration    
 103:Src/stm32f1xx_hal_msp.c ****     PA9     ------> USART1_TX
 104:Src/stm32f1xx_hal_msp.c ****     PA10     ------> USART1_RX 
 105:Src/stm32f1xx_hal_msp.c ****     */
 106:Src/stm32f1xx_hal_msp.c ****     GPIO_InitStruct.Pin = HMI_USART_TX_Pin;
 107:Src/stm32f1xx_hal_msp.c ****     GPIO_InitStruct.Mode = GPIO_MODE_AF_PP;
 108:Src/stm32f1xx_hal_msp.c ****     GPIO_InitStruct.Speed = GPIO_SPEED_FREQ_HIGH;
 109:Src/stm32f1xx_hal_msp.c ****     HAL_GPIO_Init(HMI_USART_TX_GPIO_Port, &GPIO_InitStruct);
 110:Src/stm32f1xx_hal_msp.c **** 
 111:Src/stm32f1xx_hal_msp.c ****     GPIO_InitStruct.Pin = HMI_USART_RX_Pin;
 112:Src/stm32f1xx_hal_msp.c ****     GPIO_InitStruct.Mode = GPIO_MODE_INPUT;
 113:Src/stm32f1xx_hal_msp.c ****     GPIO_InitStruct.Pull = GPIO_NOPULL;
 114:Src/stm32f1xx_hal_msp.c ****     HAL_GPIO_Init(HMI_USART_RX_GPIO_Port, &GPIO_InitStruct);
 115:Src/stm32f1xx_hal_msp.c **** 
 116:Src/stm32f1xx_hal_msp.c ****     /* USART1 interrupt Init */
 117:Src/stm32f1xx_hal_msp.c ****     HAL_NVIC_SetPriority(USART1_IRQn, 0, 0);
 118:Src/stm32f1xx_hal_msp.c ****     HAL_NVIC_EnableIRQ(USART1_IRQn);
 119:Src/stm32f1xx_hal_msp.c ****   /* USER CODE BEGIN USART1_MspInit 1 */
 120:Src/stm32f1xx_hal_msp.c **** 
 121:Src/stm32f1xx_hal_msp.c ****   /* USER CODE END USART1_MspInit 1 */
 122:Src/stm32f1xx_hal_msp.c ****   }
 123:Src/stm32f1xx_hal_msp.c **** 
 124:Src/stm32f1xx_hal_msp.c **** }
 134              		.loc 1 124 1 view .LVU24
 135 0016 07B0     		add	sp, sp, #28
 136              	.LCFI4:
 137              		.cfi_remember_state
 138              		.cfi_def_cfa_offset 12
 139              		@ sp needed
 140 0018 30BD     		pop	{r4, r5, pc}
 141              	.LVL5:
 142              	.L8:
 143              	.LCFI5:
 144              		.cfi_restore_state
  99:Src/stm32f1xx_hal_msp.c ****   
 145              		.loc 1 99 5 is_stmt 1 view .LVU25
 146              	.LBB5:
  99:Src/stm32f1xx_hal_msp.c ****   
 147              		.loc 1 99 5 view .LVU26
  99:Src/stm32f1xx_hal_msp.c ****   
 148              		.loc 1 99 5 view .LVU27
 149 001a 03F55843 		add	r3, r3, #55296
 150 001e 9A69     		ldr	r2, [r3, #24]
 151 0020 42F48042 		orr	r2, r2, #16384
 152 0024 9A61     		str	r2, [r3, #24]
  99:Src/stm32f1xx_hal_msp.c ****   
 153              		.loc 1 99 5 view .LVU28
 154 0026 9A69     		ldr	r2, [r3, #24]
 155 0028 02F48042 		and	r2, r2, #16384
 156 002c 0092     		str	r2, [sp]
  99:Src/stm32f1xx_hal_msp.c ****   
 157              		.loc 1 99 5 view .LVU29
 158 002e 009A     		ldr	r2, [sp]
 159              	.LBE5:
ARM GAS  /tmp/cc4u0973.s 			page 6


 101:Src/stm32f1xx_hal_msp.c ****     /**USART1 GPIO Configuration    
 160              		.loc 1 101 5 view .LVU30
 161              	.LBB6:
 101:Src/stm32f1xx_hal_msp.c ****     /**USART1 GPIO Configuration    
 162              		.loc 1 101 5 view .LVU31
 101:Src/stm32f1xx_hal_msp.c ****     /**USART1 GPIO Configuration    
 163              		.loc 1 101 5 view .LVU32
 164 0030 9A69     		ldr	r2, [r3, #24]
 165 0032 42F00402 		orr	r2, r2, #4
 166 0036 9A61     		str	r2, [r3, #24]
 101:Src/stm32f1xx_hal_msp.c ****     /**USART1 GPIO Configuration    
 167              		.loc 1 101 5 view .LVU33
 168 0038 9B69     		ldr	r3, [r3, #24]
 169 003a 03F00403 		and	r3, r3, #4
 170 003e 0193     		str	r3, [sp, #4]
 101:Src/stm32f1xx_hal_msp.c ****     /**USART1 GPIO Configuration    
 171              		.loc 1 101 5 view .LVU34
 172 0040 019B     		ldr	r3, [sp, #4]
 173              	.LBE6:
 106:Src/stm32f1xx_hal_msp.c ****     GPIO_InitStruct.Mode = GPIO_MODE_AF_PP;
 174              		.loc 1 106 5 view .LVU35
 106:Src/stm32f1xx_hal_msp.c ****     GPIO_InitStruct.Mode = GPIO_MODE_AF_PP;
 175              		.loc 1 106 25 is_stmt 0 view .LVU36
 176 0042 4FF40073 		mov	r3, #512
 177 0046 0293     		str	r3, [sp, #8]
 107:Src/stm32f1xx_hal_msp.c ****     GPIO_InitStruct.Speed = GPIO_SPEED_FREQ_HIGH;
 178              		.loc 1 107 5 is_stmt 1 view .LVU37
 107:Src/stm32f1xx_hal_msp.c ****     GPIO_InitStruct.Speed = GPIO_SPEED_FREQ_HIGH;
 179              		.loc 1 107 26 is_stmt 0 view .LVU38
 180 0048 0223     		movs	r3, #2
 181 004a 0393     		str	r3, [sp, #12]
 108:Src/stm32f1xx_hal_msp.c ****     HAL_GPIO_Init(HMI_USART_TX_GPIO_Port, &GPIO_InitStruct);
 182              		.loc 1 108 5 is_stmt 1 view .LVU39
 108:Src/stm32f1xx_hal_msp.c ****     HAL_GPIO_Init(HMI_USART_TX_GPIO_Port, &GPIO_InitStruct);
 183              		.loc 1 108 27 is_stmt 0 view .LVU40
 184 004c 0323     		movs	r3, #3
 185 004e 0593     		str	r3, [sp, #20]
 109:Src/stm32f1xx_hal_msp.c **** 
 186              		.loc 1 109 5 is_stmt 1 view .LVU41
 187 0050 0C4D     		ldr	r5, .L9+4
 188 0052 02A9     		add	r1, sp, #8
 189 0054 2846     		mov	r0, r5
 190              	.LVL6:
 109:Src/stm32f1xx_hal_msp.c **** 
 191              		.loc 1 109 5 is_stmt 0 view .LVU42
 192 0056 FFF7FEFF 		bl	HAL_GPIO_Init
 193              	.LVL7:
 111:Src/stm32f1xx_hal_msp.c ****     GPIO_InitStruct.Mode = GPIO_MODE_INPUT;
 194              		.loc 1 111 5 is_stmt 1 view .LVU43
 111:Src/stm32f1xx_hal_msp.c ****     GPIO_InitStruct.Mode = GPIO_MODE_INPUT;
 195              		.loc 1 111 25 is_stmt 0 view .LVU44
 196 005a 4FF48063 		mov	r3, #1024
 197 005e 0293     		str	r3, [sp, #8]
 112:Src/stm32f1xx_hal_msp.c ****     GPIO_InitStruct.Pull = GPIO_NOPULL;
 198              		.loc 1 112 5 is_stmt 1 view .LVU45
 112:Src/stm32f1xx_hal_msp.c ****     GPIO_InitStruct.Pull = GPIO_NOPULL;
 199              		.loc 1 112 26 is_stmt 0 view .LVU46
ARM GAS  /tmp/cc4u0973.s 			page 7


 200 0060 0024     		movs	r4, #0
 201 0062 0394     		str	r4, [sp, #12]
 113:Src/stm32f1xx_hal_msp.c ****     HAL_GPIO_Init(HMI_USART_RX_GPIO_Port, &GPIO_InitStruct);
 202              		.loc 1 113 5 is_stmt 1 view .LVU47
 113:Src/stm32f1xx_hal_msp.c ****     HAL_GPIO_Init(HMI_USART_RX_GPIO_Port, &GPIO_InitStruct);
 203              		.loc 1 113 26 is_stmt 0 view .LVU48
 204 0064 0494     		str	r4, [sp, #16]
 114:Src/stm32f1xx_hal_msp.c **** 
 205              		.loc 1 114 5 is_stmt 1 view .LVU49
 206 0066 02A9     		add	r1, sp, #8
 207 0068 2846     		mov	r0, r5
 208 006a FFF7FEFF 		bl	HAL_GPIO_Init
 209              	.LVL8:
 117:Src/stm32f1xx_hal_msp.c ****     HAL_NVIC_EnableIRQ(USART1_IRQn);
 210              		.loc 1 117 5 view .LVU50
 211 006e 2246     		mov	r2, r4
 212 0070 2146     		mov	r1, r4
 213 0072 2520     		movs	r0, #37
 214 0074 FFF7FEFF 		bl	HAL_NVIC_SetPriority
 215              	.LVL9:
 118:Src/stm32f1xx_hal_msp.c ****   /* USER CODE BEGIN USART1_MspInit 1 */
 216              		.loc 1 118 5 view .LVU51
 217 0078 2520     		movs	r0, #37
 218 007a FFF7FEFF 		bl	HAL_NVIC_EnableIRQ
 219              	.LVL10:
 220              		.loc 1 124 1 is_stmt 0 view .LVU52
 221 007e CAE7     		b	.L5
 222              	.L10:
 223              		.align	2
 224              	.L9:
 225 0080 00380140 		.word	1073821696
 226 0084 00080140 		.word	1073809408
 227              		.cfi_endproc
 228              	.LFE67:
 230              		.section	.text.HAL_UART_MspDeInit,"ax",%progbits
 231              		.align	1
 232              		.global	HAL_UART_MspDeInit
 233              		.syntax unified
 234              		.thumb
 235              		.thumb_func
 236              		.fpu softvfp
 238              	HAL_UART_MspDeInit:
 239              	.LVL11:
 240              	.LFB68:
 125:Src/stm32f1xx_hal_msp.c **** 
 126:Src/stm32f1xx_hal_msp.c **** /**
 127:Src/stm32f1xx_hal_msp.c **** * @brief UART MSP De-Initialization
 128:Src/stm32f1xx_hal_msp.c **** * This function freeze the hardware resources used in this example
 129:Src/stm32f1xx_hal_msp.c **** * @param huart: UART handle pointer
 130:Src/stm32f1xx_hal_msp.c **** * @retval None
 131:Src/stm32f1xx_hal_msp.c **** */
 132:Src/stm32f1xx_hal_msp.c **** void HAL_UART_MspDeInit(UART_HandleTypeDef* huart)
 133:Src/stm32f1xx_hal_msp.c **** {
 241              		.loc 1 133 1 is_stmt 1 view -0
 242              		.cfi_startproc
 243              		@ args = 0, pretend = 0, frame = 0
 244              		@ frame_needed = 0, uses_anonymous_args = 0
ARM GAS  /tmp/cc4u0973.s 			page 8


 245              		.loc 1 133 1 is_stmt 0 view .LVU54
 246 0000 08B5     		push	{r3, lr}
 247              	.LCFI6:
 248              		.cfi_def_cfa_offset 8
 249              		.cfi_offset 3, -8
 250              		.cfi_offset 14, -4
 134:Src/stm32f1xx_hal_msp.c ****   if(huart->Instance==USART1)
 251              		.loc 1 134 3 is_stmt 1 view .LVU55
 252              		.loc 1 134 11 is_stmt 0 view .LVU56
 253 0002 0268     		ldr	r2, [r0]
 254              		.loc 1 134 5 view .LVU57
 255 0004 084B     		ldr	r3, .L15
 256 0006 9A42     		cmp	r2, r3
 257 0008 00D0     		beq	.L14
 258              	.LVL12:
 259              	.L11:
 135:Src/stm32f1xx_hal_msp.c ****   {
 136:Src/stm32f1xx_hal_msp.c ****   /* USER CODE BEGIN USART1_MspDeInit 0 */
 137:Src/stm32f1xx_hal_msp.c **** 
 138:Src/stm32f1xx_hal_msp.c ****   /* USER CODE END USART1_MspDeInit 0 */
 139:Src/stm32f1xx_hal_msp.c ****     /* Peripheral clock disable */
 140:Src/stm32f1xx_hal_msp.c ****     __HAL_RCC_USART1_CLK_DISABLE();
 141:Src/stm32f1xx_hal_msp.c ****   
 142:Src/stm32f1xx_hal_msp.c ****     /**USART1 GPIO Configuration    
 143:Src/stm32f1xx_hal_msp.c ****     PA9     ------> USART1_TX
 144:Src/stm32f1xx_hal_msp.c ****     PA10     ------> USART1_RX 
 145:Src/stm32f1xx_hal_msp.c ****     */
 146:Src/stm32f1xx_hal_msp.c ****     HAL_GPIO_DeInit(GPIOA, HMI_USART_TX_Pin|HMI_USART_RX_Pin);
 147:Src/stm32f1xx_hal_msp.c **** 
 148:Src/stm32f1xx_hal_msp.c ****     /* USART1 interrupt DeInit */
 149:Src/stm32f1xx_hal_msp.c ****     HAL_NVIC_DisableIRQ(USART1_IRQn);
 150:Src/stm32f1xx_hal_msp.c ****   /* USER CODE BEGIN USART1_MspDeInit 1 */
 151:Src/stm32f1xx_hal_msp.c **** 
 152:Src/stm32f1xx_hal_msp.c ****   /* USER CODE END USART1_MspDeInit 1 */
 153:Src/stm32f1xx_hal_msp.c ****   }
 154:Src/stm32f1xx_hal_msp.c **** 
 155:Src/stm32f1xx_hal_msp.c **** }
 260              		.loc 1 155 1 view .LVU58
 261 000a 08BD     		pop	{r3, pc}
 262              	.LVL13:
 263              	.L14:
 140:Src/stm32f1xx_hal_msp.c ****   
 264              		.loc 1 140 5 is_stmt 1 view .LVU59
 265 000c 074A     		ldr	r2, .L15+4
 266 000e 9369     		ldr	r3, [r2, #24]
 267 0010 23F48043 		bic	r3, r3, #16384
 268 0014 9361     		str	r3, [r2, #24]
 146:Src/stm32f1xx_hal_msp.c **** 
 269              		.loc 1 146 5 view .LVU60
 270 0016 4FF4C061 		mov	r1, #1536
 271 001a 0548     		ldr	r0, .L15+8
 272              	.LVL14:
 146:Src/stm32f1xx_hal_msp.c **** 
 273              		.loc 1 146 5 is_stmt 0 view .LVU61
 274 001c FFF7FEFF 		bl	HAL_GPIO_DeInit
 275              	.LVL15:
 149:Src/stm32f1xx_hal_msp.c ****   /* USER CODE BEGIN USART1_MspDeInit 1 */
ARM GAS  /tmp/cc4u0973.s 			page 9


 276              		.loc 1 149 5 is_stmt 1 view .LVU62
 277 0020 2520     		movs	r0, #37
 278 0022 FFF7FEFF 		bl	HAL_NVIC_DisableIRQ
 279              	.LVL16:
 280              		.loc 1 155 1 is_stmt 0 view .LVU63
 281 0026 F0E7     		b	.L11
 282              	.L16:
 283              		.align	2
 284              	.L15:
 285 0028 00380140 		.word	1073821696
 286 002c 00100240 		.word	1073876992
 287 0030 00080140 		.word	1073809408
 288              		.cfi_endproc
 289              	.LFE68:
 291              		.text
 292              	.Letext0:
 293              		.file 2 "/home/onur/STM32Toolchain/gcc-arm-none-eabi-8-2018-q4-major/arm-none-eabi/include/machine
 294              		.file 3 "/home/onur/STM32Toolchain/gcc-arm-none-eabi-8-2018-q4-major/arm-none-eabi/include/sys/_st
 295              		.file 4 "Drivers/CMSIS/Include/core_cm3.h"
 296              		.file 5 "Drivers/CMSIS/Device/ST/STM32F1xx/Include/system_stm32f1xx.h"
 297              		.file 6 "Drivers/CMSIS/Device/ST/STM32F1xx/Include/stm32f103xb.h"
 298              		.file 7 "/home/onur/STM32Toolchain/gcc-arm-none-eabi-8-2018-q4-major/arm-none-eabi/include/sys/loc
 299              		.file 8 "/home/onur/STM32Toolchain/gcc-arm-none-eabi-8-2018-q4-major/arm-none-eabi/include/sys/_ty
 300              		.file 9 "/home/onur/STM32Toolchain/gcc-arm-none-eabi-8-2018-q4-major/lib/gcc/arm-none-eabi/8.2.1/i
 301              		.file 10 "/home/onur/STM32Toolchain/gcc-arm-none-eabi-8-2018-q4-major/arm-none-eabi/include/sys/re
 302              		.file 11 "Drivers/STM32F1xx_HAL_Driver/Inc/stm32f1xx_hal_def.h"
 303              		.file 12 "Drivers/STM32F1xx_HAL_Driver/Inc/stm32f1xx_hal_gpio.h"
 304              		.file 13 "Drivers/STM32F1xx_HAL_Driver/Inc/stm32f1xx_hal_dma.h"
 305              		.file 14 "Drivers/STM32F1xx_HAL_Driver/Inc/stm32f1xx_hal_uart.h"
 306              		.file 15 "Drivers/STM32F1xx_HAL_Driver/Inc/stm32f1xx_hal.h"
 307              		.file 16 "Drivers/STM32F1xx_HAL_Driver/Inc/stm32f1xx_hal_cortex.h"
ARM GAS  /tmp/cc4u0973.s 			page 10


DEFINED SYMBOLS
                            *ABS*:0000000000000000 stm32f1xx_hal_msp.c
     /tmp/cc4u0973.s:16     .text.HAL_MspInit:0000000000000000 $t
     /tmp/cc4u0973.s:24     .text.HAL_MspInit:0000000000000000 HAL_MspInit
     /tmp/cc4u0973.s:88     .text.HAL_MspInit:000000000000003c $d
     /tmp/cc4u0973.s:94     .text.HAL_UART_MspInit:0000000000000000 $t
     /tmp/cc4u0973.s:101    .text.HAL_UART_MspInit:0000000000000000 HAL_UART_MspInit
     /tmp/cc4u0973.s:225    .text.HAL_UART_MspInit:0000000000000080 $d
     /tmp/cc4u0973.s:231    .text.HAL_UART_MspDeInit:0000000000000000 $t
     /tmp/cc4u0973.s:238    .text.HAL_UART_MspDeInit:0000000000000000 HAL_UART_MspDeInit
     /tmp/cc4u0973.s:285    .text.HAL_UART_MspDeInit:0000000000000028 $d

UNDEFINED SYMBOLS
HAL_GPIO_Init
HAL_NVIC_SetPriority
HAL_NVIC_EnableIRQ
HAL_GPIO_DeInit
HAL_NVIC_DisableIRQ
